<?xml version="1.0" encoding="UTF-8"?>
<robot generator="Robot 6.1.1 (Python 3.11.3 on win32)" generated="20231104 16:38:37.448" rpa="false" schemaversion="4">
<suite id="s1" name="Amazon Testes" source="C:\Users\Administrator\Documents\robot\Framework\amazon_testes.robot">
<test id="s1-t1" name="Caso de teste 02 - Pesquisa de um Produto" line="19">
<kw name=" Abrir o navegador" library="amazon_resources" type="SETUP">
<kw name="Open Browser" library="SeleniumLibrary">
<arg>browser=chrome</arg>
<doc>Opens a new browser instance to the optional ``url``.</doc>
<msg timestamp="20231104 16:38:37.632" level="INFO">Opening browser 'chrome' to base url 'None'.</msg>
<status status="PASS" starttime="20231104 16:38:37.632" endtime="20231104 16:38:38.961"/>
</kw>
<kw name="Maximize Browser Window" library="SeleniumLibrary">
<doc>Maximizes current browser window.</doc>
<status status="PASS" starttime="20231104 16:38:38.961" endtime="20231104 16:38:39.096"/>
</kw>
<status status="PASS" starttime="20231104 16:38:37.632" endtime="20231104 16:38:39.096"/>
</kw>
<kw name="Acessar a home page do site Amazon.com.br" library="amazon_resources">
<kw name="Go To" library="SeleniumLibrary">
<arg>url=${URL}</arg>
<doc>Navigates the current browser window to the provided ``url``.</doc>
<msg timestamp="20231104 16:38:39.100" level="INFO">Opening url 'https://www.amazon.com.br/'</msg>
<status status="PASS" starttime="20231104 16:38:39.099" endtime="20231104 16:38:40.646"/>
</kw>
<status status="PASS" starttime="20231104 16:38:39.098" endtime="20231104 16:38:40.646"/>
</kw>
<kw name="Digitar o nome de produto &quot;Xbox Series S&quot; no campo de pesquisa" library="amazon_resources" sourcename="Digitar o nome de produto &quot;${produto}&quot; no campo de pesquisa">
<kw name="Input Text" library="SeleniumLibrary">
<arg>locator=twotabsearchtextbox</arg>
<arg>text=${produto}</arg>
<doc>Types the given ``text`` into the text field identified by ``locator``.</doc>
<msg timestamp="20231104 16:38:40.647" level="INFO">Typing text 'Xbox Series S' into text field 'twotabsearchtextbox'.</msg>
<status status="PASS" starttime="20231104 16:38:40.647" endtime="20231104 16:38:40.880"/>
</kw>
<status status="PASS" starttime="20231104 16:38:40.646" endtime="20231104 16:38:40.880"/>
</kw>
<kw name="Clicar no botão de Pesquisa" library="amazon_resources">
<kw name="Click Element" library="SeleniumLibrary">
<arg>locator=nav-search-submit-button</arg>
<doc>Click the element identified by ``locator``.</doc>
<msg timestamp="20231104 16:38:40.881" level="INFO">Clicking element 'nav-search-submit-button'.</msg>
<status status="PASS" starttime="20231104 16:38:40.880" endtime="20231104 16:38:42.484"/>
</kw>
<status status="PASS" starttime="20231104 16:38:40.880" endtime="20231104 16:38:42.485"/>
</kw>
<kw name="Verificar o resultado da pesquisa se esta listando o produto &quot;Console Xbox Series S&quot;" library="amazon_resources" sourcename="Verificar o resultado da pesquisa se esta listando o produto &quot;${Produto}&quot;">
<kw name="Wait Until Element Is Visible" library="SeleniumLibrary">
<arg>locator=//span[@class='a-size-base-plus a-color-base a-text-normal'][contains(.,'${Produto}')]</arg>
<doc>Waits until the element ``locator`` is visible.</doc>
<status status="PASS" starttime="20231104 16:38:42.486" endtime="20231104 16:38:42.529"/>
</kw>
<status status="PASS" starttime="20231104 16:38:42.485" endtime="20231104 16:38:42.529"/>
</kw>
<kw name="Fechar o navegador" library="amazon_resources" type="TEARDOWN">
<kw name="Close Browser" library="SeleniumLibrary">
<doc>Closes the current browser.</doc>
<status status="PASS" starttime="20231104 16:38:42.530" endtime="20231104 16:38:44.673"/>
</kw>
<status status="PASS" starttime="20231104 16:38:42.530" endtime="20231104 16:38:44.673"/>
</kw>
<doc>este teste pesquisa os produtos</doc>
<tag>buscar_prudutos</tag>
<tag>lista_busca</tag>
<status status="PASS" starttime="20231104 16:38:37.631" endtime="20231104 16:38:44.674"/>
</test>
<status status="PASS" starttime="20231104 16:38:37.449" endtime="20231104 16:38:44.680"/>
</suite>
<statistics>
<total>
<stat pass="1" fail="0" skip="0">All Tests</stat>
</total>
<tag>
<stat pass="1" fail="0" skip="0">buscar_prudutos</stat>
<stat pass="1" fail="0" skip="0">lista_busca</stat>
</tag>
<suite>
<stat pass="1" fail="0" skip="0" id="s1" name="Amazon Testes">Amazon Testes</stat>
</suite>
</statistics>
<errors>
</errors>
</robot>
